# JRE version: Java(TM) SE Runtime Environment (8.0_112-b16) (build 1.8.0_112-b16)
# Java VM: Java HotSpot(TM) 64-Bit Server VM (25.112-b16 mixed mode bsd-amd64 compressed oops)
Heap:
 PSYoungGen      total 141824K, used 41049K [0x000000076ab00000, 0x000000077f400000, 0x00000007c0000000)
  eden space 131072K, 23% used [0x000000076ab00000,0x000000076c898eb8,0x0000000772b00000)
  from space 10752K, 99% used [0x0000000772b00000,0x000000077357d760,0x0000000773580000)
  to   space 38912K, 0% used [0x000000077ce00000,0x000000077ce00000,0x000000077f400000)
 ParOldGen       total 128512K, used 54861K [0x00000006c0000000, 0x00000006c7d80000, 0x000000076ab00000)
  object space 128512K, 42% used [0x00000006c0000000,0x00000006c3593538,0x00000006c7d80000)
 Metaspace       used 20490K, capacity 21632K, committed 21888K, reserved 1069056K
  class space    used 2606K, capacity 2819K, committed 2944K, reserved 1048576K
GC Heap History (10 events):
Event: 12.177 GC heap before
{Heap before GC invocations=2 (full 0):
 PSYoungGen      total 76288K, used 68104K [0x000000076ab00000, 0x0000000770000000, 0x00000007c0000000)
  eden space 65536K, 94% used [0x000000076ab00000,0x000000076e7383f8,0x000000076eb00000)
  from space 10752K, 59% used [0x000000076eb00000,0x000000076f149fa0,0x000000076f580000)
  to   space 10752K, 0% used [0x000000076f580000,0x000000076f580000,0x0000000770000000)
 ParOldGen       total 175104K, used 24K [0x00000006c0000000, 0x00000006cab00000, 0x000000076ab00000)
  object space 175104K, 0% used [0x00000006c0000000,0x00000006c0006000,0x00000006cab00000)
 Metaspace       used 18121K, capacity 19222K, committed 19456K, reserved 1067008K
  class space    used 2463K, capacity 2697K, committed 2816K, reserved 1048576K
Event: 12.240 GC heap after
Heap after GC invocations=2 (full 0):
 PSYoungGen      total 76288K, used 9072K [0x000000076ab00000, 0x0000000774000000, 0x00000007c0000000)
  eden space 65536K, 0% used [0x000000076ab00000,0x000000076ab00000,0x000000076eb00000)
  from space 10752K, 84% used [0x000000076f580000,0x000000076fe5c270,0x0000000770000000)
  to   space 10752K, 0% used [0x000000076eb00000,0x000000076eb00000,0x000000076f580000)
 ParOldGen       total 175104K, used 19271K [0x00000006c0000000, 0x00000006cab00000, 0x000000076ab00000)
  object space 175104K, 11% used [0x00000006c0000000,0x00000006c12d1e68,0x00000006cab00000)
 Metaspace       used 18121K, capacity 19222K, committed 19456K, reserved 1067008K
  class space    used 2463K, capacity 2697K, committed 2816K, reserved 1048576K
}
Event: 17.731 GC heap before
{Heap before GC invocations=3 (full 0):
 PSYoungGen      total 76288K, used 74325K [0x000000076ab00000, 0x0000000774000000, 0x00000007c0000000)
  eden space 65536K, 99% used [0x000000076ab00000,0x000000076eab9580,0x000000076eb00000)
  from space 10752K, 84% used [0x000000076f580000,0x000000076fe5c270,0x0000000770000000)
  to   space 10752K, 0% used [0x000000076eb00000,0x000000076eb00000,0x000000076f580000)
 ParOldGen       total 175104K, used 19271K [0x00000006c0000000, 0x00000006cab00000, 0x000000076ab00000)
  object space 175104K, 11% used [0x00000006c0000000,0x00000006c12d1e68,0x00000006cab00000)
 Metaspace       used 19510K, capacity 20634K, committed 20736K, reserved 1067008K
  class space    used 2576K, capacity 2798K, committed 2816K, reserved 1048576K
Event: 17.782 GC heap after
Heap after GC invocations=3 (full 0):
 PSYoungGen      total 76288K, used 10751K [0x000000076ab00000, 0x0000000774000000, 0x00000007c0000000)
  eden space 65536K, 0% used [0x000000076ab00000,0x000000076ab00000,0x000000076eb00000)
  from space 10752K, 99% used [0x000000076eb00000,0x000000076f57fe30,0x000000076f580000)
  to   space 10752K, 0% used [0x0000000773580000,0x0000000773580000,0x0000000774000000)
 ParOldGen       total 175104K, used 38353K [0x00000006c0000000, 0x00000006cab00000, 0x000000076ab00000)
  object space 175104K, 21% used [0x00000006c0000000,0x00000006c25746e8,0x00000006cab00000)
 Metaspace       used 19510K, capacity 20634K, committed 20736K, reserved 1067008K
  class space    used 2576K, capacity 2798K, committed 2816K, reserved 1048576K
}
Event: 113.450 GC heap before
{Heap before GC invocations=4 (full 0):
 PSYoungGen      total 76288K, used 24313K [0x000000076ab00000, 0x0000000774000000, 0x00000007c0000000)
  eden space 65536K, 20% used [0x000000076ab00000,0x000000076b83e868,0x000000076eb00000)
  from space 10752K, 99% used [0x000000076eb00000,0x000000076f57fe30,0x000000076f580000)
  to   space 10752K, 0% used [0x0000000773580000,0x0000000773580000,0x0000000774000000)
 ParOldGen       total 175104K, used 38353K [0x00000006c0000000, 0x00000006cab00000, 0x000000076ab00000)
  object space 175104K, 21% used [0x00000006c0000000,0x00000006c25746e8,0x00000006cab00000)
 Metaspace       used 20025K, capacity 21114K, committed 21296K, reserved 1067008K
  class space    used 2603K, capacity 2818K, committed 2944K, reserved 1048576K
Event: 113.460 GC heap after
Heap after GC invocations=4 (full 0):
 PSYoungGen      total 141824K, used 10741K [0x000000076ab00000, 0x0000000774000000, 0x00000007c0000000)
  eden space 131072K, 0% used [0x000000076ab00000,0x000000076ab00000,0x0000000772b00000)
  from space 10752K, 99% used [0x0000000773580000,0x0000000773ffd5e8,0x0000000774000000)
  to   space 10752K, 0% used [0x0000000772b00000,0x0000000772b00000,0x0000000773580000)
 ParOldGen       total 175104K, used 38473K [0x00000006c0000000, 0x00000006cab00000, 0x000000076ab00000)
  object space 175104K, 21% used [0x00000006c0000000,0x00000006c25926e8,0x00000006cab00000)
 Metaspace       used 20025K, capacity 21114K, committed 21296K, reserved 1067008K
  class space    used 2603K, capacity 2818K, committed 2944K, reserved 1048576K
}
Event: 113.460 GC heap before
{Heap before GC invocations=5 (full 1):
 PSYoungGen      total 141824K, used 10741K [0x000000076ab00000, 0x0000000774000000, 0x00000007c0000000)
  eden space 131072K, 0% used [0x000000076ab00000,0x000000076ab00000,0x0000000772b00000)
  from space 10752K, 99% used [0x0000000773580000,0x0000000773ffd5e8,0x0000000774000000)
  to   space 10752K, 0% used [0x0000000772b00000,0x0000000772b00000,0x0000000773580000)
 ParOldGen       total 175104K, used 38473K [0x00000006c0000000, 0x00000006cab00000, 0x000000076ab00000)
  object space 175104K, 21% used [0x00000006c0000000,0x00000006c25926e8,0x00000006cab00000)
 Metaspace       used 20025K, capacity 21114K, committed 21296K, reserved 1067008K
  class space    used 2603K, capacity 2818K, committed 2944K, reserved 1048576K
Event: 113.491 GC heap after
Heap after GC invocations=5 (full 1):
 PSYoungGen      total 141824K, used 0K [0x000000076ab00000, 0x0000000774000000, 0x00000007c0000000)
  eden space 131072K, 0% used [0x000000076ab00000,0x000000076ab00000,0x0000000772b00000)
  from space 10752K, 0% used [0x0000000773580000,0x0000000773580000,0x0000000774000000)
  to   space 10752K, 0% used [0x0000000772b00000,0x0000000772b00000,0x0000000773580000)
 ParOldGen       total 128512K, used 32534K [0x00000006c0000000, 0x00000006c7d80000, 0x000000076ab00000)
  object space 128512K, 25% used [0x00000006c0000000,0x00000006c1fc5bc0,0x00000006c7d80000)
 Metaspace       used 20025K, capacity 21114K, committed 21296K, reserved 1067008K
  class space    used 2603K, capacity 2818K, committed 2944K, reserved 1048576K
}
Event: 807.069 GC heap before
{Heap before GC invocations=6 (full 1):
 PSYoungGen      total 141824K, used 125191K [0x000000076ab00000, 0x0000000774000000, 0x00000007c0000000)
  eden space 131072K, 95% used [0x000000076ab00000,0x0000000772541fd8,0x0000000772b00000)
  from space 10752K, 0% used [0x0000000773580000,0x0000000773580000,0x0000000774000000)
  to   space 10752K, 0% used [0x0000000772b00000,0x0000000772b00000,0x0000000773580000)
 ParOldGen       total 128512K, used 32534K [0x00000006c0000000, 0x00000006c7d80000, 0x000000076ab00000)
  object space 128512K, 25% used [0x00000006c0000000,0x00000006c1fc5bc0,0x00000006c7d80000)
 Metaspace       used 20417K, capacity 21562K, committed 21888K, reserved 1069056K
  class space    used 2606K, capacity 2818K, committed 2944K, reserved 1048576K
Event: 807.086 GC heap after
Heap after GC invocations=6 (full 1):
 PSYoungGen      total 141824K, used 10741K [0x000000076ab00000, 0x000000077f400000, 0x00000007c0000000)
  eden space 131072K, 0% used [0x000000076ab00000,0x000000076ab00000,0x0000000772b00000)
  from space 10752K, 99% used [0x0000000772b00000,0x000000077357d760,0x0000000773580000)
  to   space 38912K, 0% used [0x000000077ce00000,0x000000077ce00000,0x000000077f400000)
 ParOldGen       total 128512K, used 54861K [0x00000006c0000000, 0x00000006c7d80000, 0x000000076ab00000)
  object space 128512K, 42% used [0x00000006c0000000,0x00000006c3593538,0x00000006c7d80000)
 Metaspace       used 20417K, capacity 21562K, committed 21888K, reserved 1069056K
  class space    used 2606K, capacity 2818K, committed 2944K, reserved 1048576K
}

