# JRE version: Java(TM) SE Runtime Environment (8.0_112-b16) (build 1.8.0_112-b16)
# Java VM: Java HotSpot(TM) 64-Bit Server VM (25.112-b16 mixed mode bsd-amd64 compressed oops)
Heap:
 PSYoungGen      total 76288K, used 6207K [0x000000076ab00000, 0x0000000774000000, 0x00000007c0000000)
  eden space 65536K, 9% used [0x000000076ab00000,0x000000076b10fda8,0x000000076eb00000)
  from space 10752K, 0% used [0x0000000773580000,0x0000000773580000,0x0000000774000000)
  to   space 10752K, 0% used [0x000000076eb00000,0x000000076eb00000,0x000000076f580000)
 ParOldGen       total 143360K, used 33862K [0x00000006c0000000, 0x00000006c8c00000, 0x000000076ab00000)
  object space 143360K, 23% used [0x00000006c0000000,0x00000006c2111ba0,0x00000006c8c00000)
 Metaspace       used 20361K, capacity 21482K, committed 21632K, reserved 1069056K
  class space    used 2622K, capacity 2830K, committed 2944K, reserved 1048576K
GC Heap History (10 events):
Event: 3.274 GC heap before
{Heap before GC invocations=1 (full 0):
 PSYoungGen      total 76288K, used 65536K [0x000000076ab00000, 0x0000000770000000, 0x00000007c0000000)
  eden space 65536K, 100% used [0x000000076ab00000,0x000000076eb00000,0x000000076eb00000)
  from space 10752K, 0% used [0x000000076f580000,0x000000076f580000,0x0000000770000000)
  to   space 10752K, 0% used [0x000000076eb00000,0x000000076eb00000,0x000000076f580000)
 ParOldGen       total 175104K, used 0K [0x00000006c0000000, 0x00000006cab00000, 0x000000076ab00000)
  object space 175104K, 0% used [0x00000006c0000000,0x00000006c0000000,0x00000006cab00000)
 Metaspace       used 17290K, capacity 18344K, committed 18432K, reserved 1064960K
  class space    used 2342K, capacity 2542K, committed 2560K, reserved 1048576K
Event: 3.292 GC heap after
Heap after GC invocations=1 (full 0):
 PSYoungGen      total 76288K, used 6411K [0x000000076ab00000, 0x0000000770000000, 0x00000007c0000000)
  eden space 65536K, 0% used [0x000000076ab00000,0x000000076ab00000,0x000000076eb00000)
  from space 10752K, 59% used [0x000000076eb00000,0x000000076f142cb8,0x000000076f580000)
  to   space 10752K, 0% used [0x000000076f580000,0x000000076f580000,0x0000000770000000)
 ParOldGen       total 175104K, used 24K [0x00000006c0000000, 0x00000006cab00000, 0x000000076ab00000)
  object space 175104K, 0% used [0x00000006c0000000,0x00000006c0006000,0x00000006cab00000)
 Metaspace       used 17290K, capacity 18344K, committed 18432K, reserved 1064960K
  class space    used 2342K, capacity 2542K, committed 2560K, reserved 1048576K
}
Event: 5.329 GC heap before
{Heap before GC invocations=2 (full 0):
 PSYoungGen      total 76288K, used 67188K [0x000000076ab00000, 0x0000000770000000, 0x00000007c0000000)
  eden space 65536K, 92% used [0x000000076ab00000,0x000000076e65a6a8,0x000000076eb00000)
  from space 10752K, 59% used [0x000000076eb00000,0x000000076f142cb8,0x000000076f580000)
  to   space 10752K, 0% used [0x000000076f580000,0x000000076f580000,0x0000000770000000)
 ParOldGen       total 175104K, used 24K [0x00000006c0000000, 0x00000006cab00000, 0x000000076ab00000)
  object space 175104K, 0% used [0x00000006c0000000,0x00000006c0006000,0x00000006cab00000)
 Metaspace       used 18192K, capacity 19362K, committed 19712K, reserved 1067008K
  class space    used 2472K, capacity 2699K, committed 2816K, reserved 1048576K
Event: 5.383 GC heap after
Heap after GC invocations=2 (full 0):
 PSYoungGen      total 76288K, used 10732K [0x000000076ab00000, 0x0000000774000000, 0x00000007c0000000)
  eden space 65536K, 0% used [0x000000076ab00000,0x000000076ab00000,0x000000076eb00000)
  from space 10752K, 99% used [0x000000076f580000,0x000000076fffb270,0x0000000770000000)
  to   space 10752K, 0% used [0x000000076eb00000,0x000000076eb00000,0x000000076f580000)
 ParOldGen       total 175104K, used 17401K [0x00000006c0000000, 0x00000006cab00000, 0x000000076ab00000)
  object space 175104K, 9% used [0x00000006c0000000,0x00000006c10fe568,0x00000006cab00000)
 Metaspace       used 18192K, capacity 19362K, committed 19712K, reserved 1067008K
  class space    used 2472K, capacity 2699K, committed 2816K, reserved 1048576K
}
Event: 11.662 GC heap before
{Heap before GC invocations=3 (full 0):
 PSYoungGen      total 76288K, used 76268K [0x000000076ab00000, 0x0000000774000000, 0x00000007c0000000)
  eden space 65536K, 100% used [0x000000076ab00000,0x000000076eb00000,0x000000076eb00000)
  from space 10752K, 99% used [0x000000076f580000,0x000000076fffb270,0x0000000770000000)
  to   space 10752K, 0% used [0x000000076eb00000,0x000000076eb00000,0x000000076f580000)
 ParOldGen       total 175104K, used 17401K [0x00000006c0000000, 0x00000006cab00000, 0x000000076ab00000)
  object space 175104K, 9% used [0x00000006c0000000,0x00000006c10fe568,0x00000006cab00000)
 Metaspace       used 19738K, capacity 20906K, committed 21120K, reserved 1067008K
  class space    used 2602K, capacity 2818K, committed 2944K, reserved 1048576K
Event: 11.684 GC heap after
Heap after GC invocations=3 (full 0):
 PSYoungGen      total 76288K, used 10739K [0x000000076ab00000, 0x0000000774000000, 0x00000007c0000000)
  eden space 65536K, 0% used [0x000000076ab00000,0x000000076ab00000,0x000000076eb00000)
  from space 10752K, 99% used [0x000000076eb00000,0x000000076f57cf28,0x000000076f580000)
  to   space 10752K, 0% used [0x0000000773580000,0x0000000773580000,0x0000000774000000)
 ParOldGen       total 175104K, used 42165K [0x00000006c0000000, 0x00000006cab00000, 0x000000076ab00000)
  object space 175104K, 24% used [0x00000006c0000000,0x00000006c292d750,0x00000006cab00000)
 Metaspace       used 19738K, capacity 20906K, committed 21120K, reserved 1067008K
  class space    used 2602K, capacity 2818K, committed 2944K, reserved 1048576K
}
Event: 13.537 GC heap before
{Heap before GC invocations=4 (full 0):
 PSYoungGen      total 76288K, used 16129K [0x000000076ab00000, 0x0000000774000000, 0x00000007c0000000)
  eden space 65536K, 8% used [0x000000076ab00000,0x000000076b043570,0x000000076eb00000)
  from space 10752K, 99% used [0x000000076eb00000,0x000000076f57cf28,0x000000076f580000)
  to   space 10752K, 0% used [0x0000000773580000,0x0000000773580000,0x0000000774000000)
 ParOldGen       total 175104K, used 42165K [0x00000006c0000000, 0x00000006cab00000, 0x000000076ab00000)
  object space 175104K, 24% used [0x00000006c0000000,0x00000006c292d750,0x00000006cab00000)
 Metaspace       used 20010K, capacity 21154K, committed 21296K, reserved 1067008K
  class space    used 2622K, capacity 2830K, committed 2944K, reserved 1048576K
Event: 13.546 GC heap after
Heap after GC invocations=4 (full 0):
 PSYoungGen      total 76288K, used 10748K [0x000000076ab00000, 0x0000000774000000, 0x00000007c0000000)
  eden space 65536K, 0% used [0x000000076ab00000,0x000000076ab00000,0x000000076eb00000)
  from space 10752K, 99% used [0x0000000773580000,0x0000000773fff2d8,0x0000000774000000)
  to   space 10752K, 0% used [0x000000076eb00000,0x000000076eb00000,0x000000076f580000)
 ParOldGen       total 175104K, used 47149K [0x00000006c0000000, 0x00000006cab00000, 0x000000076ab00000)
  object space 175104K, 26% used [0x00000006c0000000,0x00000006c2e0b6c8,0x00000006cab00000)
 Metaspace       used 20010K, capacity 21154K, committed 21296K, reserved 1067008K
  class space    used 2622K, capacity 2830K, committed 2944K, reserved 1048576K
}
Event: 13.546 GC heap before
{Heap before GC invocations=5 (full 1):
 PSYoungGen      total 76288K, used 10748K [0x000000076ab00000, 0x0000000774000000, 0x00000007c0000000)
  eden space 65536K, 0% used [0x000000076ab00000,0x000000076ab00000,0x000000076eb00000)
  from space 10752K, 99% used [0x0000000773580000,0x0000000773fff2d8,0x0000000774000000)
  to   space 10752K, 0% used [0x000000076eb00000,0x000000076eb00000,0x000000076f580000)
 ParOldGen       total 175104K, used 47149K [0x00000006c0000000, 0x00000006cab00000, 0x000000076ab00000)
  object space 175104K, 26% used [0x00000006c0000000,0x00000006c2e0b6c8,0x00000006cab00000)
 Metaspace       used 20010K, capacity 21154K, committed 21296K, reserved 1067008K
  class space    used 2622K, capacity 2830K, committed 2944K, reserved 1048576K
Event: 13.574 GC heap after
Heap after GC invocations=5 (full 1):
 PSYoungGen      total 76288K, used 0K [0x000000076ab00000, 0x0000000774000000, 0x00000007c0000000)
  eden space 65536K, 0% used [0x000000076ab00000,0x000000076ab00000,0x000000076eb00000)
  from space 10752K, 0% used [0x0000000773580000,0x0000000773580000,0x0000000774000000)
  to   space 10752K, 0% used [0x000000076eb00000,0x000000076eb00000,0x000000076f580000)
 ParOldGen       total 143360K, used 33862K [0x00000006c0000000, 0x00000006c8c00000, 0x000000076ab00000)
  object space 143360K, 23% used [0x00000006c0000000,0x00000006c2111ba0,0x00000006c8c00000)
 Metaspace       used 20010K, capacity 21154K, committed 21296K, reserved 1067008K
  class space    used 2622K, capacity 2830K, committed 2944K, reserved 1048576K
}

