# JRE version: Java(TM) SE Runtime Environment (8.0_112-b04) (build 1.8.0_112-ea-b04)
# Java VM: Java HotSpot(TM) 64-Bit Server VM (25.112-b04 mixed mode bsd-amd64 compressed oops)
Heap:
 PSYoungGen      total 947712K, used 407269K [0x000000076ab00000, 0x00000007c0000000, 0x00000007c0000000)
  eden space 627200K, 13% used [0x000000076ab00000,0x000000076ffdd9e0,0x0000000790f80000)
  from space 320512K, 99% used [0x0000000790f80000,0x00000007a485bc90,0x00000007a4880000)
  to   space 400896K, 0% used [0x00000007a7880000,0x00000007a7880000,0x00000007c0000000)
 ParOldGen       total 1613312K, used 1260247K [0x00000006c0000000, 0x0000000722780000, 0x000000076ab00000)
  object space 1613312K, 78% used [0x00000006c0000000,0x000000070ceb5fa8,0x0000000722780000)
 Metaspace       used 20252K, capacity 21422K, committed 21628K, reserved 1069056K
  class space    used 2457K, capacity 2711K, committed 2816K, reserved 1048576K
GC Heap History (10 events):
Event: 769.008 GC heap before
{Heap before GC invocations=226 (full 7):
 PSYoungGen      total 907264K, used 266124K [0x000000076ab00000, 0x00000007c0000000, 0x00000007c0000000)
  eden space 641024K, 0% used [0x000000076ab00000,0x000000076ab00000,0x0000000791d00000)
  from space 266240K, 99% used [0x0000000791d00000,0x00000007a20e32d0,0x00000007a2100000)
  to   space 386048K, 0% used [0x00000007a8700000,0x00000007a8700000,0x00000007c0000000)
 ParOldGen       total 1250304K, used 1180609K [0x00000006c0000000, 0x000000070c500000, 0x000000076ab00000)
  object space 1250304K, 94% used [0x00000006c0000000,0x00000007080f06a0,0x000000070c500000)
 Metaspace       used 20244K, capacity 21422K, committed 21628K, reserved 1069056K
  class space    used 2457K, capacity 2711K, committed 2816K, reserved 1048576K
Event: 772.642 GC heap after
Heap after GC invocations=226 (full 7):
 PSYoungGen      total 907264K, used 193381K [0x000000076ab00000, 0x00000007c0000000, 0x00000007c0000000)
  eden space 641024K, 0% used [0x000000076ab00000,0x000000076ab00000,0x0000000791d00000)
  from space 266240K, 72% used [0x0000000791d00000,0x000000079d9d94f8,0x00000007a2100000)
  to   space 386048K, 0% used [0x00000007a8700000,0x00000007a8700000,0x00000007c0000000)
 ParOldGen       total 1613312K, used 1249975K [0x00000006c0000000, 0x0000000722780000, 0x000000076ab00000)
  object space 1613312K, 77% used [0x00000006c0000000,0x000000070c4adfa8,0x0000000722780000)
 Metaspace       used 20244K, capacity 21422K, committed 21628K, reserved 1069056K
  class space    used 2457K, capacity 2711K, committed 2816K, reserved 1048576K
}
Event: 789.268 GC heap before
{Heap before GC invocations=227 (full 7):
 PSYoungGen      total 907264K, used 834405K [0x000000076ab00000, 0x00000007c0000000, 0x00000007c0000000)
  eden space 641024K, 100% used [0x000000076ab00000,0x0000000791d00000,0x0000000791d00000)
  from space 266240K, 72% used [0x0000000791d00000,0x000000079d9d94f8,0x00000007a2100000)
  to   space 386048K, 0% used [0x00000007a8700000,0x00000007a8700000,0x00000007c0000000)
 ParOldGen       total 1613312K, used 1249975K [0x00000006c0000000, 0x0000000722780000, 0x000000076ab00000)
  object space 1613312K, 77% used [0x00000006c0000000,0x000000070c4adfa8,0x0000000722780000)
 Metaspace       used 20247K, capacity 21422K, committed 21628K, reserved 1069056K
  class space    used 2457K, capacity 2711K, committed 2816K, reserved 1048576K
Event: 789.553 GC heap after
Heap after GC invocations=227 (full 7):
 PSYoungGen      total 1029120K, used 199771K [0x000000076ab00000, 0x00000007c0000000, 0x00000007c0000000)
  eden space 643072K, 0% used [0x000000076ab00000,0x000000076ab00000,0x0000000791f00000)
  from space 386048K, 51% used [0x00000007a8700000,0x00000007b4a16fc0,0x00000007c0000000)
  to   space 368640K, 0% used [0x0000000791f00000,0x0000000791f00000,0x00000007a8700000)
 ParOldGen       total 1613312K, used 1260247K [0x00000006c0000000, 0x0000000722780000, 0x000000076ab00000)
  object space 1613312K, 78% used [0x00000006c0000000,0x000000070ceb5fa8,0x0000000722780000)
 Metaspace       used 20247K, capacity 21422K, committed 21628K, reserved 1069056K
  class space    used 2457K, capacity 2711K, committed 2816K, reserved 1048576K
}
Event: 805.350 GC heap before
{Heap before GC invocations=228 (full 7):
 PSYoungGen      total 1029120K, used 842843K [0x000000076ab00000, 0x00000007c0000000, 0x00000007c0000000)
  eden space 643072K, 100% used [0x000000076ab00000,0x0000000791f00000,0x0000000791f00000)
  from space 386048K, 51% used [0x00000007a8700000,0x00000007b4a16fc0,0x00000007c0000000)
  to   space 368640K, 0% used [0x0000000791f00000,0x0000000791f00000,0x00000007a8700000)
 ParOldGen       total 1613312K, used 1260247K [0x00000006c0000000, 0x0000000722780000, 0x000000076ab00000)
  object space 1613312K, 78% used [0x00000006c0000000,0x000000070ceb5fa8,0x0000000722780000)
 Metaspace       used 20247K, capacity 21422K, committed 21628K, reserved 1069056K
  class space    used 2457K, capacity 2711K, committed 2816K, reserved 1048576K
Event: 805.481 GC heap after
Heap after GC invocations=228 (full 7):
 PSYoungGen      total 873472K, used 230394K [0x000000076ab00000, 0x00000007be200000, 0x00000007c0000000)
  eden space 643072K, 0% used [0x000000076ab00000,0x000000076ab00000,0x0000000791f00000)
  from space 230400K, 99% used [0x0000000791f00000,0x000000079fffe9a0,0x00000007a0000000)
  to   space 361984K, 0% used [0x00000007a8080000,0x00000007a8080000,0x00000007be200000)
 ParOldGen       total 1613312K, used 1260247K [0x00000006c0000000, 0x0000000722780000, 0x000000076ab00000)
  object space 1613312K, 78% used [0x00000006c0000000,0x000000070ceb5fa8,0x0000000722780000)
 Metaspace       used 20247K, capacity 21422K, committed 21628K, reserved 1069056K
  class space    used 2457K, capacity 2711K, committed 2816K, reserved 1048576K
}
Event: 819.900 GC heap before
{Heap before GC invocations=229 (full 7):
 PSYoungGen      total 873472K, used 873466K [0x000000076ab00000, 0x00000007be200000, 0x00000007c0000000)
  eden space 643072K, 100% used [0x000000076ab00000,0x0000000791f00000,0x0000000791f00000)
  from space 230400K, 99% used [0x0000000791f00000,0x000000079fffe9a0,0x00000007a0000000)
  to   space 361984K, 0% used [0x00000007a8080000,0x00000007a8080000,0x00000007be200000)
 ParOldGen       total 1613312K, used 1260247K [0x00000006c0000000, 0x0000000722780000, 0x000000076ab00000)
  object space 1613312K, 78% used [0x00000006c0000000,0x000000070ceb5fa8,0x0000000722780000)
 Metaspace       used 20247K, capacity 21422K, committed 21628K, reserved 1069056K
  class space    used 2457K, capacity 2711K, committed 2816K, reserved 1048576K
Event: 820.211 GC heap after
Heap after GC invocations=229 (full 7):
 PSYoungGen      total 989184K, used 289568K [0x000000076ab00000, 0x00000007c0000000, 0x00000007c0000000)
  eden space 627200K, 0% used [0x000000076ab00000,0x000000076ab00000,0x0000000790f80000)
  from space 361984K, 79% used [0x00000007a8080000,0x00000007b9b48000,0x00000007be200000)
  to   space 377856K, 0% used [0x0000000790f80000,0x0000000790f80000,0x00000007a8080000)
 ParOldGen       total 1613312K, used 1260247K [0x00000006c0000000, 0x0000000722780000, 0x000000076ab00000)
  object space 1613312K, 78% used [0x00000006c0000000,0x000000070ceb5fa8,0x0000000722780000)
 Metaspace       used 20247K, capacity 21422K, committed 21628K, reserved 1069056K
  class space    used 2457K, capacity 2711K, committed 2816K, reserved 1048576K
}
Event: 834.801 GC heap before
{Heap before GC invocations=230 (full 7):
 PSYoungGen      total 989184K, used 916768K [0x000000076ab00000, 0x00000007c0000000, 0x00000007c0000000)
  eden space 627200K, 100% used [0x000000076ab00000,0x0000000790f80000,0x0000000790f80000)
  from space 361984K, 79% used [0x00000007a8080000,0x00000007b9b48000,0x00000007be200000)
  to   space 377856K, 0% used [0x0000000790f80000,0x0000000790f80000,0x00000007a8080000)
 ParOldGen       total 1613312K, used 1260247K [0x00000006c0000000, 0x0000000722780000, 0x000000076ab00000)
  object space 1613312K, 78% used [0x00000006c0000000,0x000000070ceb5fa8,0x0000000722780000)
 Metaspace       used 20252K, capacity 21422K, committed 21628K, reserved 1069056K
  class space    used 2457K, capacity 2711K, committed 2816K, reserved 1048576K
Event: 835.116 GC heap after
Heap after GC invocations=230 (full 7):
 PSYoungGen      total 947712K, used 320367K [0x000000076ab00000, 0x00000007c0000000, 0x00000007c0000000)
  eden space 627200K, 0% used [0x000000076ab00000,0x000000076ab00000,0x0000000790f80000)
  from space 320512K, 99% used [0x0000000790f80000,0x00000007a485bc90,0x00000007a4880000)
  to   space 400896K, 0% used [0x00000007a7880000,0x00000007a7880000,0x00000007c0000000)
 ParOldGen       total 1613312K, used 1260247K [0x00000006c0000000, 0x0000000722780000, 0x000000076ab00000)
  object space 1613312K, 78% used [0x00000006c0000000,0x000000070ceb5fa8,0x0000000722780000)
 Metaspace       used 20252K, capacity 21422K, committed 21628K, reserved 1069056K
  class space    used 2457K, capacity 2711K, committed 2816K, reserved 1048576K
}

